c:\bullet-holic\bullet-holic\nativeplugins\bullet holic physics\bullet holic physics\x64\debug\bulletholicphysics.lib
c:\bullet-holic\bullet-holic\nativeplugins\bullet holic physics\bullet holic physics\x64\debug\bulletholicphysics.exp
c:\bullet-holic\bullet-holic\nativeplugins\bullet holic physics\bullet holic physics\x64\debug\bulletholicphysics.pch
c:\bullet-holic\bullet-holic\nativeplugins\bullet holic physics\bullet holic physics\x64\debug\vc142.pdb
c:\bullet-holic\bullet-holic\nativeplugins\bullet holic physics\bullet holic physics\x64\debug\vc142.idb
c:\bullet-holic\bullet-holic\nativeplugins\bullet holic physics\bullet holic physics\x64\debug\pch.obj
c:\bullet-holic\bullet-holic\nativeplugins\bullet holic physics\bullet holic physics\x64\debug\vector2.obj
c:\bullet-holic\bullet-holic\nativeplugins\bullet holic physics\bullet holic physics\x64\debug\hitbox.obj
c:\bullet-holic\bullet-holic\nativeplugins\bullet holic physics\bullet holic physics\x64\debug\dllmain.obj
c:\bullet-holic\bullet-holic\nativeplugins\bullet holic physics\bullet holic physics\x64\debug\bulletmanager.obj
c:\bullet-holic\bullet-holic\nativeplugins\bullet holic physics\bullet holic physics\x64\debug\bullet.obj
c:\bullet-holic\bullet-holic\nativeplugins\bullet holic physics\bullet holic physics\x64\debug\bullet holic physics.obj
c:\bullet-holic\bullet-holic\nativeplugins\bullet holic physics\bullet holic physics\x64\debug\bodies.obj
c:\bullet-holic\bullet-holic\nativeplugins\bullet holic physics\bullet holic physics\x64\debug\bulletholicphysics.dll
c:\bullet-holic\bullet-holic\nativeplugins\bullet holic physics\bullet holic physics\x64\debug\bulletholicphysics.ilk
c:\bullet-holic\bullet-holic\nativeplugins\bullet holic physics\bullet holic physics\x64\debug\bulletholicphysics.pdb
c:\bullet-holic\bullet-holic\nativeplugins\bullet holic physics\bullet holic physics\x64\debug\bullet holic physics.res
c:\bullet-holic\bullet-holic\nativeplugins\bullet holic physics\bullet holic physics\x64\debug\bullet h.4c0456ee.tlog\bullet holic physics.write.1u.tlog
c:\bullet-holic\bullet-holic\nativeplugins\bullet holic physics\bullet holic physics\x64\debug\bullet h.4c0456ee.tlog\cl.command.1.tlog
c:\bullet-holic\bullet-holic\nativeplugins\bullet holic physics\bullet holic physics\x64\debug\bullet h.4c0456ee.tlog\cl.read.1.tlog
c:\bullet-holic\bullet-holic\nativeplugins\bullet holic physics\bullet holic physics\x64\debug\bullet h.4c0456ee.tlog\cl.write.1.tlog
c:\bullet-holic\bullet-holic\nativeplugins\bullet holic physics\bullet holic physics\x64\debug\bullet h.4c0456ee.tlog\link.command.1.tlog
c:\bullet-holic\bullet-holic\nativeplugins\bullet holic physics\bullet holic physics\x64\debug\bullet h.4c0456ee.tlog\link.read.1.tlog
c:\bullet-holic\bullet-holic\nativeplugins\bullet holic physics\bullet holic physics\x64\debug\bullet h.4c0456ee.tlog\link.write.1.tlog
c:\bullet-holic\bullet-holic\nativeplugins\bullet holic physics\bullet holic physics\x64\debug\bullet h.4c0456ee.tlog\rc.command.1.tlog
c:\bullet-holic\bullet-holic\nativeplugins\bullet holic physics\bullet holic physics\x64\debug\bullet h.4c0456ee.tlog\rc.read.1.tlog
c:\bullet-holic\bullet-holic\nativeplugins\bullet holic physics\bullet holic physics\x64\debug\bullet h.4c0456ee.tlog\rc.write.1.tlog
